# JRE version: OpenJDK Runtime Environment Microsoft-7208460 (11.0.18+10) (build 11.0.18+10-LTS)
# Java VM: OpenJDK 64-Bit Server VM Microsoft-7208460 (11.0.18+10-LTS, mixed mode, tiered, compressed oops, g1 gc, windows-amd64)
Heap:
 garbage-first heap   total 435200K, used 290563K [0x0000000080000000, 0x0000000100000000)
  region size 1024K, 2 young (2048K), 2 survivors (2048K)
 Metaspace       used 143963K, capacity 149599K, committed 149716K, reserved 647168K
  class space    used 17995K, capacity 20136K, committed 20224K, reserved 516096K
GC Heap History (20 events):
Event: 63.402 GC heap after
{Heap after GC invocations=93 (full 0):
 garbage-first heap   total 342016K, used 286253K [0x0000000080000000, 0x0000000100000000)
  region size 1024K, 3 young (3072K), 3 survivors (3072K)
 Metaspace       used 143736K, capacity 149394K, committed 149716K, reserved 647168K
  class space    used 17995K, capacity 20135K, committed 20224K, reserved 516096K
}
Event: 63.456 GC heap before
{Heap before GC invocations=93 (full 0):
 garbage-first heap   total 342016K, used 299565K [0x0000000080000000, 0x0000000100000000)
  region size 1024K, 16 young (16384K), 3 survivors (3072K)
 Metaspace       used 143759K, capacity 149394K, committed 149716K, reserved 647168K
  class space    used 17995K, capacity 20135K, committed 20224K, reserved 516096K
}
Event: 63.466 GC heap after
{Heap after GC invocations=94 (full 0):
 garbage-first heap   total 342016K, used 289568K [0x0000000080000000, 0x0000000100000000)
  region size 1024K, 2 young (2048K), 2 survivors (2048K)
 Metaspace       used 143759K, capacity 149394K, committed 149716K, reserved 647168K
  class space    used 17995K, capacity 20135K, committed 20224K, reserved 516096K
}
Event: 63.571 GC heap before
{Heap before GC invocations=94 (full 0):
 garbage-first heap   total 342016K, used 303904K [0x0000000080000000, 0x0000000100000000)
  region size 1024K, 16 young (16384K), 2 survivors (2048K)
 Metaspace       used 143814K, capacity 149398K, committed 149716K, reserved 647168K
  class space    used 17995K, capacity 20135K, committed 20224K, reserved 516096K
}
Event: 63.577 GC heap after
{Heap after GC invocations=95 (full 0):
 garbage-first heap   total 342016K, used 292700K [0x0000000080000000, 0x0000000100000000)
  region size 1024K, 2 young (2048K), 2 survivors (2048K)
 Metaspace       used 143814K, capacity 149398K, committed 149716K, reserved 647168K
  class space    used 17995K, capacity 20135K, committed 20224K, reserved 516096K
}
Event: 63.680 GC heap before
{Heap before GC invocations=95 (full 0):
 garbage-first heap   total 342016K, used 307036K [0x0000000080000000, 0x0000000100000000)
  region size 1024K, 16 young (16384K), 2 survivors (2048K)
 Metaspace       used 143834K, capacity 149462K, committed 149716K, reserved 647168K
  class space    used 17995K, capacity 20135K, committed 20224K, reserved 516096K
}
Event: 63.685 GC heap after
{Heap after GC invocations=96 (full 0):
 garbage-first heap   total 342016K, used 295438K [0x0000000080000000, 0x0000000100000000)
  region size 1024K, 2 young (2048K), 2 survivors (2048K)
 Metaspace       used 143834K, capacity 149462K, committed 149716K, reserved 647168K
  class space    used 17995K, capacity 20135K, committed 20224K, reserved 516096K
}
Event: 63.738 GC heap before
{Heap before GC invocations=96 (full 0):
 garbage-first heap   total 342016K, used 309774K [0x0000000080000000, 0x0000000100000000)
  region size 1024K, 16 young (16384K), 2 survivors (2048K)
 Metaspace       used 143853K, capacity 149462K, committed 149716K, reserved 647168K
  class space    used 17995K, capacity 20135K, committed 20224K, reserved 516096K
}
Event: 63.741 GC heap after
{Heap after GC invocations=97 (full 0):
 garbage-first heap   total 342016K, used 296034K [0x0000000080000000, 0x0000000100000000)
  region size 1024K, 1 young (1024K), 1 survivors (1024K)
 Metaspace       used 143853K, capacity 149462K, committed 149716K, reserved 647168K
  class space    used 17995K, capacity 20135K, committed 20224K, reserved 516096K
}
Event: 63.804 GC heap before
{Heap before GC invocations=97 (full 0):
 garbage-first heap   total 342016K, used 310370K [0x0000000080000000, 0x0000000100000000)
  region size 1024K, 16 young (16384K), 1 survivors (1024K)
 Metaspace       used 143862K, capacity 149465K, committed 149716K, reserved 647168K
  class space    used 17995K, capacity 20135K, committed 20224K, reserved 516096K
}
Event: 63.806 GC heap after
{Heap after GC invocations=98 (full 0):
 garbage-first heap   total 342016K, used 296594K [0x0000000080000000, 0x0000000100000000)
  region size 1024K, 1 young (1024K), 1 survivors (1024K)
 Metaspace       used 143862K, capacity 149465K, committed 149716K, reserved 647168K
  class space    used 17995K, capacity 20135K, committed 20224K, reserved 516096K
}
Event: 63.871 GC heap before
{Heap before GC invocations=98 (full 0):
 garbage-first heap   total 342016K, used 311954K [0x0000000080000000, 0x0000000100000000)
  region size 1024K, 16 young (16384K), 1 survivors (1024K)
 Metaspace       used 143877K, capacity 149532K, committed 149716K, reserved 647168K
  class space    used 17995K, capacity 20136K, committed 20224K, reserved 516096K
}
Event: 63.874 GC heap after
{Heap after GC invocations=99 (full 0):
 garbage-first heap   total 342016K, used 296955K [0x0000000080000000, 0x0000000100000000)
  region size 1024K, 2 young (2048K), 2 survivors (2048K)
 Metaspace       used 143877K, capacity 149532K, committed 149716K, reserved 647168K
  class space    used 17995K, capacity 20136K, committed 20224K, reserved 516096K
}
Event: 64.430 GC heap before
{Heap before GC invocations=100 (full 0):
 garbage-first heap   total 342016K, used 310267K [0x0000000080000000, 0x0000000100000000)
  region size 1024K, 16 young (16384K), 2 survivors (2048K)
 Metaspace       used 143933K, capacity 149533K, committed 149716K, reserved 647168K
  class space    used 17995K, capacity 20136K, committed 20224K, reserved 516096K
}
Event: 64.436 GC heap after
{Heap after GC invocations=101 (full 0):
 garbage-first heap   total 342016K, used 299608K [0x0000000080000000, 0x0000000100000000)
  region size 1024K, 2 young (2048K), 2 survivors (2048K)
 Metaspace       used 143933K, capacity 149533K, committed 149716K, reserved 647168K
  class space    used 17995K, capacity 20136K, committed 20224K, reserved 516096K
}
Event: 64.957 GC heap before
{Heap before GC invocations=101 (full 0):
 garbage-first heap   total 342016K, used 313944K [0x0000000080000000, 0x0000000100000000)
  region size 1024K, 16 young (16384K), 2 survivors (2048K)
 Metaspace       used 143933K, capacity 149533K, committed 149716K, reserved 647168K
  class space    used 17995K, capacity 20136K, committed 20224K, reserved 516096K
}
Event: 64.972 GC heap after
{Heap after GC invocations=102 (full 0):
 garbage-first heap   total 342016K, used 282844K [0x0000000080000000, 0x0000000100000000)
  region size 1024K, 2 young (2048K), 2 survivors (2048K)
 Metaspace       used 143933K, capacity 149533K, committed 149716K, reserved 647168K
  class space    used 17995K, capacity 20136K, committed 20224K, reserved 516096K
}
Event: 65.081 GC heap before
{Heap before GC invocations=102 (full 0):
 garbage-first heap   total 342016K, used 297180K [0x0000000080000000, 0x0000000100000000)
  region size 1024K, 16 young (16384K), 2 survivors (2048K)
 Metaspace       used 143945K, capacity 149534K, committed 149716K, reserved 647168K
  class space    used 17995K, capacity 20136K, committed 20224K, reserved 516096K
}
Event: 65.089 GC heap after
{Heap after GC invocations=103 (full 0):
 garbage-first heap   total 342016K, used 287224K [0x0000000080000000, 0x0000000100000000)
  region size 1024K, 2 young (2048K), 2 survivors (2048K)
 Metaspace       used 143945K, capacity 149534K, committed 149716K, reserved 647168K
  class space    used 17995K, capacity 20136K, committed 20224K, reserved 516096K
}
Event: 65.276 GC heap before
{Heap before GC invocations=103 (full 0):
 garbage-first heap   total 342016K, used 301560K [0x0000000080000000, 0x0000000100000000)
  region size 1024K, 16 young (16384K), 2 survivors (2048K)
 Metaspace       used 143963K, capacity 149599K, committed 149716K, reserved 647168K
  class space    used 17995K, capacity 20136K, committed 20224K, reserved 516096K
}

